<?xml version="1.0" encoding="UTF-8"?>
<testsuite xmlns:xsi="http://www.w3.org/2001/XMLSchema-instance" xsi:noNamespaceSchemaLocation="https://maven.apache.org/surefire/maven-surefire-plugin/xsd/surefire-test-report.xsd" name="um.JenkinsTestFunctionsTests" time="0.185" tests="12" errors="0" skipped="0" failures="0">
  <properties>
    <property name="awt.toolkit" value="sun.awt.X11.XToolkit"/>
    <property name="file.encoding.pkg" value="sun.io"/>
    <property name="java.specification.version" value="1.8"/>
    <property name="sun.cpu.isalist" value=""/>
    <property name="sun.jnu.encoding" value="UTF-8"/>
    <property name="java.class.path" value="jenkins/workspace/CPS2002 Xinjie Huang/target/test-classes:/data1/jenkins/workspace/CPS2002 Xinjie Huang/target/classes:/data1/jenkins/.m2/repository/junit/junit/4.12/junit-4.12.jar:/data1/jenkins/.m2/repository/org/hamcrest/hamcrest-core/1.3/hamcrest-core-1.3.jar:"/>
    <property name="java.vm.vendor" value="Oracle Corporation"/>
    <property name="sun.arch.data.model" value="64"/>
    <property name="java.vendor.url" value="http://java.oracle.com/"/>
    <property name="user.timezone" value=""/>
    <property name="java.vm.specification.version" value="1.8"/>
    <property name="os.name" value="Linux"/>
    <property name="user.country" value="GB"/>
    <property name="sun.java.launcher" value="SUN_STANDARD"/>
    <property name="sun.boot.library.path" value="/usr/lib/jvm/java-8-oracle/jre/lib/amd64"/>
    <property name="sun.java.command" value="jenkins/workspace/CPS2002 Xinjie Huang/target/surefire/surefirebooter4813596532142622203.jar /data1/jenkins/workspace/CPS2002 Xinjie Huang/target/surefire 2020-04-29T14-54-07_322-jvmRun1 surefire6023219711451556203tmp surefire_08710034995220622026tmp"/>
    <property name="surefire.test.class.path" value="/jenkins/workspace/CPS2002 Xinjie Huang/target/test-classes:/jenkins/workspace/CPS2002 Xinjie Huang/target/classes:/data1/jenkins/.m2/repository/junit/junit/4.12/junit-4.12.jar:/data1/jenkins/.m2/repository/org/hamcrest/hamcrest-core/1.3/hamcrest-core-1.3.jar:"/>
    <property name="sun.cpu.endian" value="little"/>
    <property name="user.home" value="/data1/jenkins"/>
    <property name="user.language" value="en"/>
    <property name="java.specification.vendor" value="Oracle Corporation"/>
    <property name="java.home" value="/usr/lib/jvm/java-8-oracle/jre"/>
    <property name="basedir" value="/jenkins/workspace/CPS2002 Xinjie Huang"/>
    <property name="file.separator" value="/"/>
    <property name="line.separator" value="&#10;"/>
    <property name="java.vm.specification.vendor" value="Oracle Corporation"/>
    <property name="java.specification.name" value="Java Platform API Specification"/>
    <property name="java.awt.graphicsenv" value="sun.awt.X11GraphicsEnvironment"/>
    <property name="surefire.real.class.path" value="/jenkins/workspace/CPS2002 Xinjie Huang/target/surefire/surefirebooter4813596532142622203.jar"/>
    <property name="sun.boot.class.path" value="/usr/lib/jvm/java-8-oracle/jre/lib/resources.jar:/usr/lib/jvm/java-8-oracle/jre/lib/rt.jar:/usr/lib/jvm/java-8-oracle/jre/lib/sunrsasign.jar:/usr/lib/jvm/java-8-oracle/jre/lib/jsse.jar:/usr/lib/jvm/java-8-oracle/jre/lib/jce.jar:/usr/lib/jvm/java-8-oracle/jre/lib/charsets.jar:/usr/lib/jvm/java-8-oracle/jre/lib/jfr.jar:/usr/lib/jvm/java-8-oracle/jre/classes"/>
    <property name="sun.management.compiler" value="HotSpot 64-Bit Tiered Compilers"/>
    <property name="java.runtime.version" value="1.8.0_72-b15"/>
    <property name="user.name" value="jenkins"/>
    <property name="path.separator" value=":"/>
    <property name="os.version" value="3.13.0-79-generic"/>
    <property name="java.endorsed.dirs" value="/usr/lib/jvm/java-8-oracle/jre/lib/endorsed"/>
    <property name="java.runtime.name" value="Java(TM) SE Runtime Environment"/>
    <property name="file.encoding" value="UTF-8"/>
    <property name="java.vm.name" value="Java HotSpot(TM) 64-Bit Server VM"/>
    <property name="localRepository" value="/data1/jenkins/.m2/repository"/>
    <property name="java.vendor.url.bug" value="http://bugreport.sun.com/bugreport/"/>
    <property name="java.io.tmpdir" value="/tmp"/>
    <property name="java.version" value="1.8.0_72"/>
    <property name="user.dir" value="/data1/jenkins/workspace/CPS2002 Xinjie Huang"/>
    <property name="os.arch" value="amd64"/>
    <property name="java.vm.specification.name" value="Java Virtual Machine Specification"/>
    <property name="java.awt.printerjob" value="sun.print.PSPrinterJob"/>
    <property name="sun.os.patch.level" value="unknown"/>
    <property name="java.library.path" value="/usr/java/packages/lib/amd64:/usr/lib64:/lib64:/lib:/usr/lib"/>
    <property name="java.vm.info" value="mixed mode"/>
    <property name="java.vendor" value="Oracle Corporation"/>
    <property name="java.vm.version" value="25.72-b15"/>
    <property name="java.ext.dirs" value="/usr/lib/jvm/java-8-oracle/jre/lib/ext:/usr/java/packages/lib/ext"/>
    <property name="sun.io.unicode.encoding" value="UnicodeLittle"/>
    <property name="java.class.version" value="52.0"/>
  </properties>
  <testcase name="timesSevenReturnsCorrectAnswerForOne" classname="UoM.JTest" time="0.016"/>
  <testcase name="timesSevenReturnsCorrectAnswerForTwo" classname="UoM.JTest" time="0.001"/>
  <testcase name="timesThreeReturnsCorrectAnswerForOne" classname="UoM.JTest" time="0.001"/>
  <testcase name="timesThreeReturnsCorrectAnswerForTwo" classname="UoM.JTest" time="0.002"/>
  <testcase name="timesSixReturnsCorrectAnswerForOne" classname="UoM.JTest" time="0"/>
  <testcase name="timesSixReturnsCorrectAnswerForTwo" classname="UoM.JTest" time="0"/>
  <testcase name="timesFourReturnsCorrectAnswerForOne" classname="UoM.JTest" time="0.001"/>
  <testcase name="timesFourReturnsCorrectAnswerForTwo" classname="UoM.JTest" time="0"/>
  <testcase name="timesFiveReturnsCorrectAnswerForOne" classname=UoM.JTest" time="0"/>
  <testcase name="timesFiveReturnsCorrectAnswerForTwo" classname="UoM.JTest" time="0"/>
  <testcase name="timesTwoReturnsCorrectAnswerForOne" classname="UoM.JTest" time="0"/>
  <testcase name="timesTwoReturnsCorrectAnswerForTwo" classname="UoM.JTest" time="0.001"/>
</testsuite>